[06-Feb-2021 09:50:53] NOTICE: fpm is running, pid 1259
[06-Feb-2021 09:50:53] NOTICE: ready to handle connections
[06-Feb-2021 10:11:21] NOTICE: fpm is running, pid 15644
[06-Feb-2021 10:11:21] NOTICE: ready to handle connections
[06-Feb-2021 15:26:35] NOTICE: fpm is running, pid 22995
[06-Feb-2021 15:26:35] NOTICE: ready to handle connections
[08-Feb-2021 10:16:12] NOTICE: fpm is running, pid 1098
[08-Feb-2021 10:16:12] NOTICE: ready to handle connections
[08-Feb-2021 15:41:01] NOTICE: fpm is running, pid 5726
[08-Feb-2021 15:41:01] NOTICE: ready to handle connections
[13-Feb-2021 09:40:41] NOTICE: fpm is running, pid 677
[13-Feb-2021 09:40:41] NOTICE: ready to handle connections
[06-Feb-2021 19:49:48] NOTICE: fpm is running, pid 9530
[06-Feb-2021 19:49:48] NOTICE: ready to handle connections
<<<<<<< HEAD
[08-Feb-2021 15:27:55] NOTICE: fpm is running, pid 5035
[08-Feb-2021 15:27:55] NOTICE: ready to handle connections
=======
[07-Feb-2021 22:23:39] NOTICE: Terminating ...
[07-Feb-2021 22:23:39] NOTICE: Terminating ...
[07-Feb-2021 22:23:39] NOTICE: exiting, bye-bye!
[08-Feb-2021 13:43:55] NOTICE: fpm is running, pid 2015
[08-Feb-2021 13:43:55] NOTICE: ready to handle connections
[08-Feb-2021 13:45:01] NOTICE: Terminating ...
[08-Feb-2021 13:45:01] NOTICE: Terminating ...
[08-Feb-2021 13:45:01] NOTICE: exiting, bye-bye!
[08-Feb-2021 15:12:38] NOTICE: fpm is running, pid 2289
[08-Feb-2021 15:12:38] NOTICE: ready to handle connections
[08-Feb-2021 18:49:03] NOTICE: Terminating ...
[08-Feb-2021 18:49:03] NOTICE: Terminating ...
[08-Feb-2021 18:49:03] NOTICE: exiting, bye-bye!
[09-Feb-2021 11:36:19] NOTICE: fpm is running, pid 5620
[09-Feb-2021 11:36:19] NOTICE: ready to handle connections
[09-Feb-2021 16:41:47] NOTICE: Terminating ...
[09-Feb-2021 16:41:47] NOTICE: Terminating ...
[09-Feb-2021 16:41:47] NOTICE: exiting, bye-bye!
[13-Feb-2021 10:56:43] NOTICE: fpm is running, pid 20284
<<<<<<< HEAD
[13-Feb-2021 10:56:43] NOTICE: ready to handle connections
>>>>>>> 25f9fc186748069559f31f7be4ac379d8bb6a0ab
<<<<<<< HEAD
[19-Feb-2021 17:06:17] NOTICE: fpm is running, pid 9284
[19-Feb-2021 17:06:17] NOTICE: ready to handle connections
=======
[17-Feb-2021 15:58:59] NOTICE: fpm is running, pid 53232
[17-Feb-2021 15:58:59] NOTICE: ready to handle connections
=======
[13-Feb-2021 10:56:43] NOTICE: ready to handle connection
[17-Feb-2021 16:26:00] NOTICE: fpm is running, pid 55398
[17-Feb-2021 16:26:00] NOTICE: ready to handle connections
[17-Feb-2021 21:37:56] NOTICE: Terminating ...
[17-Feb-2021 21:37:56] NOTICE: Terminating ...
[17-Feb-2021 21:37:56] NOTICE: exiting, bye-bye!
[18-Feb-2021 12:24:51] NOTICE: fpm is running, pid 1184
[18-Feb-2021 12:24:51] NOTICE: ready to handle connections
[18-Feb-2021 16:16:10] NOTICE: fpm is running, pid 97955
[18-Feb-2021 16:16:10] NOTICE: ready to handle connections

>>>>>>> c7570b01d67e20427c1cb5f437b5c7b5d2cd404b
>>>>>>> d9d4cb3a396d18fc6a8ef2edcd40f8c0a1f0a7b5
[22-Feb-2021 13:23:59] NOTICE: fpm is running, pid 31616
[22-Feb-2021 13:23:59] NOTICE: ready to handle connections
[23-Feb-2021 14:56:50] NOTICE: Terminating ...
[23-Feb-2021 14:56:50] NOTICE: Terminating ...
[23-Feb-2021 14:56:50] NOTICE: exiting, bye-bye!
[24-Feb-2021 15:37:14] NOTICE: fpm is running, pid 68214
[24-Feb-2021 15:37:14] NOTICE: ready to handle connections
[27-Feb-2021 13:52:14] NOTICE: Terminating ...
[27-Feb-2021 13:52:14] NOTICE: Terminating ...
[27-Feb-2021 13:52:14] NOTICE: exiting, bye-bye!
[27-Feb-2021 13:52:17] NOTICE: fpm is running, pid 86856
[27-Feb-2021 13:52:17] NOTICE: ready to handle connections
